<?xml version="1.0" encoding="UTF-8"?>
<!-- Generated by org.testng.reporters.JUnitXMLReporter -->
<testsuite hostname="DESKTOP-EBENMJF" ignored="0" name="nopcommercetest" tests="4" failures="1" timestamp="2020-03-11T16:21:34 EDT" time="68.53" errors="0">
  <testcase name="LoginDDT" time="19.869" classname="com.nopcommerce.testCases.TC_LoginDDT_002">
    <failure type="java.lang.AssertionError" message="did not expect to find [true] but found [false]">
      <![CDATA[java.lang.AssertionError: did not expect to find [true] but found [false]
at com.nopcommerce.testCases.TC_LoginDDT_002.LoginDDT(TC_LoginDDT_002.java:60)
at java.util.ArrayList.forEach(Unknown Source)
... Removed 31 stack frames]]>
    </failure>
  </testcase> <!-- LoginDDT -->
  <testcase name="LoginDDT" time="11.882" classname="com.nopcommerce.testCases.TC_LoginDDT_002"/>
  <testcase name="LoginDDT" time="11.514" classname="com.nopcommerce.testCases.TC_LoginDDT_002"/>
  <testcase name="LoginDDT" time="11.825" classname="com.nopcommerce.testCases.TC_LoginDDT_002"/>
</testsuite> <!-- nopcommercetest -->
